{"level":"error","message":"No se pudo acceder a la ruta: /usuarios/ en el servicio web"}
{"level":"error","message":"No se pudo acceder a la ruta: /usuarios/ en el servicio web"}
{"level":"error","message":"No se pudo acceder a la ruta: /usuarios en el servicio web"}
{"level":"error","message":"Correo o contraseña incorrectos"}
{"level":"error","message":"Error al crear usuario "}
{"level":"error","message":"Error al crear usuario "}
{"level":"error","message":"Usuario is not defined"}
{"level":"error","message":"Error al eliminar el usuario "}
{"level":"error","message":"Error al eliminar el usuario"}
{"level":"error","message":"Error al eliminar el usuario"}
{"level":"error","message":"No se pudo acceder a la ruta: / en el servicio web"}
{"level":"error","message":"No se pudo acceder a la ruta: /favicon.ico en el servicio web"}
{"level":"error","message":"No se pudo acceder a la ruta: /api/imagenes/673d0abf3aebfb2c00329ffb.jpg en el servicio web"}
{"level":"error","message":"No se pudo acceder a la ruta: /api/imagenes/673d12b3012e0bf202c04c81.jpg en el servicio web"}
{"level":"error","message":"No se pudo acceder a la ruta: /api/imagenes/673d332b012e0bf202c04c86.jpg en el servicio web"}
{"level":"error","message":"No se pudo acceder a la ruta: /api/imagenes/673d0abf3aebfb2c00329ffb.jpg en el servicio web"}
{"level":"error","message":"No se pudo acceder a la ruta: /api/imagenes/673d12b3012e0bf202c04c81.jpg en el servicio web"}
{"level":"error","message":"No se pudo acceder a la ruta: /api/imagenes/673d332b012e0bf202c04c86.jpg en el servicio web"}
{"level":"error","message":"No se pudo acceder a la ruta: /api/imagenes/673d0abf3aebfb2c00329ffb.jpg en el servicio web"}
{"level":"error","message":"No se pudo acceder a la ruta: /api/imagenes/673d0abf3aebfb2c00329ffb.jpg en el servicio web"}
{"level":"error","message":"No se pudo acceder a la ruta: /api/imagenes/673d0abf3aebfb2c00329ffb.jpg en el servicio web"}
{"level":"error","message":"No se pudo acceder a la ruta: /api/imagenes/673d12b3012e0bf202c04c81.jpg en el servicio web"}
{"level":"error","message":"No se pudo acceder a la ruta: /api/imagenes/673d332b012e0bf202c04c86.jpg en el servicio web"}
{"level":"error","message":"No se pudo acceder a la ruta: /api/imagenes/675006b67a41b646772b66a1.jpg en el servicio web"}
{"level":"error","message":"No se pudo acceder a la ruta: /api/avatares/507f191e810c19729de860ea.jpg en el servicio web"}
{"level":"error","message":"No se pudo acceder a la ruta: /api/imagenes/675006b67a41b646772b66a1.jpg en el servicio web"}
{"level":"error","message":"No se pudo acceder a la ruta: /api/imagenes/673d0abf3aebfb2c00329ffb.jpg en el servicio web"}
{"level":"error","message":"No se pudo acceder a la ruta: /api/imagenes/673d12b3012e0bf202c04c81.jpg en el servicio web"}
{"level":"error","message":"No se pudo acceder a la ruta: /api/imagenes/673d332b012e0bf202c04c86.jpg en el servicio web"}
{"level":"error","message":"No se pudo acceder a la ruta: /api/imagenes/675006b67a41b646772b66a1.jpg en el servicio web"}
{"level":"error","message":"No se pudo acceder a la ruta: /api/imagenes/673d0abf3aebfb2c00329ffb.jpg en el servicio web"}
{"level":"error","message":"No se pudo acceder a la ruta: /api/imagenes/673d12b3012e0bf202c04c81.jpg en el servicio web"}
{"level":"error","message":"No se pudo acceder a la ruta: /api/imagenes/675006b67a41b646772b66a1.jpg en el servicio web"}
{"level":"error","message":"No se pudo acceder a la ruta: /api/imagenes/673d332b012e0bf202c04c86.jpg en el servicio web"}
{"level":"error","message":"No se pudo acceder a la ruta: /api/imagenes/673d0abf3aebfb2c00329ffb.jpg en el servicio web"}
{"level":"error","message":"No se pudo acceder a la ruta: /api/imagenes/673d12b3012e0bf202c04c81.jpg en el servicio web"}
{"level":"error","message":"No se pudo acceder a la ruta: /api/imagenes/673d332b012e0bf202c04c86.jpg en el servicio web"}
{"level":"error","message":"No se pudo acceder a la ruta: /api/imagenes/675006b67a41b646772b66a1.jpg en el servicio web"}
{"level":"error","message":"No se pudo acceder a la ruta: /api/avatares/507f191e810c19729de860ea.jpg en el servicio web"}
{"level":"error","message":"No se pudo acceder a la ruta: /api/imagenes/673d0abf3aebfb2c00329ffb.jpg en el servicio web"}
{"level":"error","message":"No se pudo acceder a la ruta: /api/imagenes/673d12b3012e0bf202c04c81.jpg en el servicio web"}
{"level":"error","message":"No se pudo acceder a la ruta: /api/imagenes/673d332b012e0bf202c04c86.jpg en el servicio web"}
{"level":"error","message":"No se pudo acceder a la ruta: /api/imagenes/675006b67a41b646772b66a1.jpg en el servicio web"}
{"level":"error","message":"No se pudo acceder a la ruta: /api/avatares/507f191e810c19729de860ea.jpg en el servicio web"}
{"level":"error","message":"No se pudo acceder a la ruta: /api/imagenes/675006b67a41b646772b66a1.jpg en el servicio web"}
{"level":"error","message":"No se pudo acceder a la ruta: /api/imagenes/673d0abf3aebfb2c00329ffb.jpg en el servicio web"}
{"level":"error","message":"No se pudo acceder a la ruta: /api/imagenes/673d12b3012e0bf202c04c81.jpg en el servicio web"}
{"level":"error","message":"No se pudo acceder a la ruta: /api/imagenes/673d332b012e0bf202c04c86.jpg en el servicio web"}
{"level":"error","message":"No se pudo acceder a la ruta: /api/imagenes/675006b67a41b646772b66a1.jpg en el servicio web"}
{"level":"error","message":"No se pudo acceder a la ruta: /api/avatares/507f191e810c19729de860ea.jpg en el servicio web"}
{"level":"error","message":"No se pudo acceder a la ruta: /api/imagenes/673d0abf3aebfb2c00329ffb.jpg en el servicio web"}
{"level":"error","message":"No se pudo acceder a la ruta: /api/imagenes/673d0abf3aebfb2c00329ffb.jpg en el servicio web"}
{"level":"error","message":"No se pudo acceder a la ruta: /api/imagenes/673d12b3012e0bf202c04c81.jpg en el servicio web"}
{"level":"error","message":"No se pudo acceder a la ruta: /api/imagenes/673d332b012e0bf202c04c86.jpg en el servicio web"}
{"level":"error","message":"No se pudo acceder a la ruta: /api/imagenes/675006b67a41b646772b66a1.jpg en el servicio web"}
{"level":"error","message":"Post  no encontrada"}
{"level":"error","message":"No se pudo acceder a la ruta: /api/imagenes/673d0abf3aebfb2c00329ffb.jpg en el servicio web"}
{"level":"error","message":"No se pudo acceder a la ruta: /api/imagenes/673d12b3012e0bf202c04c81.jpg en el servicio web"}
{"level":"error","message":"No se pudo acceder a la ruta: /api/imagenes/673d332b012e0bf202c04c86.jpg en el servicio web"}
{"level":"error","message":"No se pudo acceder a la ruta: /api/imagenes/675006b67a41b646772b66a1.jpg en el servicio web"}
{"level":"error","message":"Post  no encontrada"}
{"level":"error","message":"No se pudo acceder a la ruta: /api/imagenes/673d0abf3aebfb2c00329ffb.jpg en el servicio web"}
{"level":"error","message":"No se pudo acceder a la ruta: /api/imagenes/673d12b3012e0bf202c04c81.jpg en el servicio web"}
{"level":"error","message":"No se pudo acceder a la ruta: /api/imagenes/673d332b012e0bf202c04c86.jpg en el servicio web"}
{"level":"error","message":"No se pudo acceder a la ruta: /api/imagenes/675006b67a41b646772b66a1.jpg en el servicio web"}
{"level":"error","message":"No se pudo acceder a la ruta: /api/avatares/507f191e810c19729de860ea.jpg en el servicio web"}
{"level":"error","message":"No se pudo acceder a la ruta: /api/avatares/507f191e810c19729de860ea.jpg en el servicio web"}
{"level":"error","message":"No se pudo acceder a la ruta: /api/imagenes/673d0abf3aebfb2c00329ffb.jpg en el servicio web"}
{"level":"error","message":"No se pudo acceder a la ruta: /api/imagenes/673d12b3012e0bf202c04c81.jpg en el servicio web"}
{"level":"error","message":"No se pudo acceder a la ruta: /api/imagenes/673d332b012e0bf202c04c86.jpg en el servicio web"}
{"level":"error","message":"No se pudo acceder a la ruta: /api/imagenes/675006b67a41b646772b66a1.jpg en el servicio web"}
{"level":"error","message":"No se pudo acceder a la ruta: /api/avatares/507f191e810c19729de860ea.jpg en el servicio web"}
{"level":"error","message":"No se pudo acceder a la ruta: /favicon.ico en el servicio web"}
{"level":"error","message":"No se pudo acceder a la ruta: /api/imagenes/673d0abf3aebfb2c00329ffb.jpg en el servicio web"}
{"level":"error","message":"No se pudo acceder a la ruta: /api/imagenes/673d12b3012e0bf202c04c81.jpg en el servicio web"}
{"level":"error","message":"No se pudo acceder a la ruta: /api/imagenes/673d332b012e0bf202c04c86.jpg en el servicio web"}
{"level":"error","message":"No se pudo acceder a la ruta: /api/imagenes/675006b67a41b646772b66a1.jpg en el servicio web"}
{"level":"error","message":"No se pudo acceder a la ruta: /api/imagenes/673d0abf3aebfb2c00329ffb.jpg en el servicio web"}
{"level":"error","message":"No se pudo acceder a la ruta: /api/imagenes/673d12b3012e0bf202c04c81.jpg en el servicio web"}
{"level":"error","message":"No se pudo acceder a la ruta: /api/imagenes/673d332b012e0bf202c04c86.jpg en el servicio web"}
{"level":"error","message":"No se pudo acceder a la ruta: /api/imagenes/675006b67a41b646772b66a1.jpg en el servicio web"}
{"level":"error","message":"No se pudo acceder a la ruta: /api/imagenes/675006b67a41b646772b66a1.jpg en el servicio web"}
{"level":"error","message":"No se pudo acceder a la ruta: /api/avatares/507f191e810c19729de860ea.jpg en el servicio web"}
{"level":"error","message":"No se pudo acceder a la ruta: /api/imagenes/673d0abf3aebfb2c00329ffb.jpg en el servicio web"}
{"level":"error","message":"No se pudo acceder a la ruta: /api/imagenes/673d12b3012e0bf202c04c81.jpg en el servicio web"}
{"level":"error","message":"No se pudo acceder a la ruta: /api/imagenes/673d332b012e0bf202c04c86.jpg en el servicio web"}
{"level":"error","message":"No se pudo acceder a la ruta: /api/imagenes/675006b67a41b646772b66a1.jpg en el servicio web"}
{"level":"error","message":"No se pudo acceder a la ruta: /api/imagenes/673d0abf3aebfb2c00329ffb.jpg en el servicio web"}
{"level":"error","message":"No se pudo acceder a la ruta: /api/imagenes/673d12b3012e0bf202c04c81.jpg en el servicio web"}
{"level":"error","message":"No se pudo acceder a la ruta: /api/imagenes/673d332b012e0bf202c04c86.jpg en el servicio web"}
{"level":"error","message":"No se pudo acceder a la ruta: /api/imagenes/675006b67a41b646772b66a1.jpg en el servicio web"}
{"level":"error","message":"Error al crear lista"}
{"level":"error","message":"Error al crear lista"}
{"level":"error","message":"Error al crear lista"}
{"level":"error","message":"Error al crear lista"}
{"level":"error","message":"Error al crear lista"}
{"level":"error","message":"Error al crear lista"}
{"level":"error","message":"Error al crear lista"}
{"level":"error","message":"No se pudo acceder a la ruta: /api/imagenes/673d0abf3aebfb2c00329ffb.jpg en el servicio web"}
{"level":"error","message":"No se pudo acceder a la ruta: /api/imagenes/673d12b3012e0bf202c04c81.jpg en el servicio web"}
{"level":"error","message":"No se pudo acceder a la ruta: /api/imagenes/673d332b012e0bf202c04c86.jpg en el servicio web"}
{"level":"error","message":"No se pudo acceder a la ruta: /api/imagenes/675006b67a41b646772b66a1.jpg en el servicio web"}
{"level":"error","message":"No se pudo acceder a la ruta: /api/imagenes/673d0abf3aebfb2c00329ffb.jpg en el servicio web"}
{"level":"error","message":"No se pudo acceder a la ruta: /api/imagenes/673d12b3012e0bf202c04c81.jpg en el servicio web"}
{"level":"error","message":"No se pudo acceder a la ruta: /api/imagenes/673d332b012e0bf202c04c86.jpg en el servicio web"}
{"level":"error","message":"No se pudo acceder a la ruta: /api/imagenes/675006b67a41b646772b66a1.jpg en el servicio web"}
{"level":"error","message":"Error al crear lista"}
{"level":"error","message":"Error al crear lista"}
{"level":"error","message":"Error al crear lista"}
{"level":"error","message":"No se pudo acceder a la ruta: /api/imagenes/673d0abf3aebfb2c00329ffb.jpg en el servicio web"}
{"level":"error","message":"No se pudo acceder a la ruta: /api/imagenes/673d12b3012e0bf202c04c81.jpg en el servicio web"}
{"level":"error","message":"No se pudo acceder a la ruta: /api/imagenes/673d332b012e0bf202c04c86.jpg en el servicio web"}
{"level":"error","message":"No se pudo acceder a la ruta: /api/imagenes/675006b67a41b646772b66a1.jpg en el servicio web"}
{"level":"error","message":"No se pudo acceder a la ruta: /api/imagenes/673d0abf3aebfb2c00329ffb.jpg en el servicio web"}
{"level":"error","message":"No se pudo acceder a la ruta: /api/imagenes/673d12b3012e0bf202c04c81.jpg en el servicio web"}
{"level":"error","message":"No se pudo acceder a la ruta: /api/imagenes/673d332b012e0bf202c04c86.jpg en el servicio web"}
{"level":"error","message":"No se pudo acceder a la ruta: /api/imagenes/675006b67a41b646772b66a1.jpg en el servicio web"}
{"level":"error","message":"Error al crear lista"}
{"level":"error","message":"No se pudo acceder a la ruta: /api/imagenes/673d0abf3aebfb2c00329ffb.jpg en el servicio web"}
{"level":"error","message":"No se pudo acceder a la ruta: /api/imagenes/673d12b3012e0bf202c04c81.jpg en el servicio web"}
{"level":"error","message":"No se pudo acceder a la ruta: /api/imagenes/673d332b012e0bf202c04c86.jpg en el servicio web"}
{"level":"error","message":"No se pudo acceder a la ruta: /api/imagenes/675006b67a41b646772b66a1.jpg en el servicio web"}
{"level":"error","message":"No se pudo acceder a la ruta: /api/imagenes/673d0abf3aebfb2c00329ffb.jpg en el servicio web"}
{"level":"error","message":"No se pudo acceder a la ruta: /api/imagenes/673d12b3012e0bf202c04c81.jpg en el servicio web"}
{"level":"error","message":"No se pudo acceder a la ruta: /api/imagenes/673d332b012e0bf202c04c86.jpg en el servicio web"}
{"level":"error","message":"No se pudo acceder a la ruta: /api/imagenes/675006b67a41b646772b66a1.jpg en el servicio web"}
{"level":"error","message":"No se pudo acceder a la ruta: /api/imagenes/673d0abf3aebfb2c00329ffb.jpg en el servicio web"}
{"level":"error","message":"No se pudo acceder a la ruta: /api/imagenes/673d12b3012e0bf202c04c81.jpg en el servicio web"}
{"level":"error","message":"No se pudo acceder a la ruta: /api/imagenes/673d332b012e0bf202c04c86.jpg en el servicio web"}
{"level":"error","message":"No se pudo acceder a la ruta: /api/imagenes/675006b67a41b646772b66a1.jpg en el servicio web"}
{"level":"error","message":"No se pudo acceder a la ruta: /api/imagenes/673d0abf3aebfb2c00329ffb.jpg en el servicio web"}
{"level":"error","message":"No se pudo acceder a la ruta: /api/imagenes/673d12b3012e0bf202c04c81.jpg en el servicio web"}
{"level":"error","message":"No se pudo acceder a la ruta: /api/imagenes/673d332b012e0bf202c04c86.jpg en el servicio web"}
{"level":"error","message":"No se pudo acceder a la ruta: /api/imagenes/675006b67a41b646772b66a1.jpg en el servicio web"}
{"level":"error","message":"No se pudo acceder a la ruta: /api/imagenes/673d0abf3aebfb2c00329ffb.jpg en el servicio web"}
{"level":"error","message":"No se pudo acceder a la ruta: /api/imagenes/673d12b3012e0bf202c04c81.jpg en el servicio web"}
{"level":"error","message":"No se pudo acceder a la ruta: /api/imagenes/673d332b012e0bf202c04c86.jpg en el servicio web"}
{"level":"error","message":"No se pudo acceder a la ruta: /api/imagenes/675006b67a41b646772b66a1.jpg en el servicio web"}
{"level":"error","message":"No se pudo acceder a la ruta: /api/imagenes/673d0abf3aebfb2c00329ffb.jpg en el servicio web"}
{"level":"error","message":"No se pudo acceder a la ruta: /api/imagenes/673d12b3012e0bf202c04c81.jpg en el servicio web"}
{"level":"error","message":"No se pudo acceder a la ruta: /api/imagenes/673d332b012e0bf202c04c86.jpg en el servicio web"}
{"level":"error","message":"No se pudo acceder a la ruta: /api/imagenes/675006b67a41b646772b66a1.jpg en el servicio web"}
{"level":"error","message":"No se pudo acceder a la ruta: /api/imagenes/673d0abf3aebfb2c00329ffb.jpg en el servicio web"}
{"level":"error","message":"No se pudo acceder a la ruta: /api/imagenes/673d12b3012e0bf202c04c81.jpg en el servicio web"}
{"level":"error","message":"No se pudo acceder a la ruta: /api/imagenes/673d332b012e0bf202c04c86.jpg en el servicio web"}
{"level":"error","message":"No se pudo acceder a la ruta: /api/imagenes/675006b67a41b646772b66a1.jpg en el servicio web"}
{"level":"error","message":"No se pudo acceder a la ruta: /api/avatares/507f191e810c19729de860ea.jpg en el servicio web"}
{"level":"error","message":"No se pudo acceder a la ruta: /api/imagenes/673d0abf3aebfb2c00329ffb.jpg en el servicio web"}
{"level":"error","message":"No se pudo acceder a la ruta: /api/imagenes/675006b67a41b646772b66a1.jpg en el servicio web"}
{"level":"error","message":"No se pudo acceder a la ruta: /api/imagenes/673d12b3012e0bf202c04c81.jpg en el servicio web"}
{"level":"error","message":"No se pudo acceder a la ruta: /api/imagenes/673d332b012e0bf202c04c86.jpg en el servicio web"}
{"level":"error","message":"No se pudo acceder a la ruta: /api/imagenes/673d0abf3aebfb2c00329ffb.jpg en el servicio web"}
{"level":"error","message":"No se pudo acceder a la ruta: /api/imagenes/673d12b3012e0bf202c04c81.jpg en el servicio web"}
{"level":"error","message":"No se pudo acceder a la ruta: /api/imagenes/673d332b012e0bf202c04c86.jpg en el servicio web"}
{"level":"error","message":"No se pudo acceder a la ruta: /api/imagenes/675006b67a41b646772b66a1.jpg en el servicio web"}
{"level":"error","message":"Error al crear lista"}
{"level":"error","message":"No se pudo acceder a la ruta: /api/imagenes/673d0abf3aebfb2c00329ffb.jpg en el servicio web"}
{"level":"error","message":"No se pudo acceder a la ruta: /api/imagenes/673d12b3012e0bf202c04c81.jpg en el servicio web"}
{"level":"error","message":"No se pudo acceder a la ruta: /api/imagenes/673d332b012e0bf202c04c86.jpg en el servicio web"}
{"level":"error","message":"No se pudo acceder a la ruta: /api/imagenes/675006b67a41b646772b66a1.jpg en el servicio web"}
{"level":"error","message":"No se pudo acceder a la ruta: /api/imagenes/673d0abf3aebfb2c00329ffb.jpg en el servicio web"}
{"level":"error","message":"No se pudo acceder a la ruta: /api/imagenes/673d12b3012e0bf202c04c81.jpg en el servicio web"}
{"level":"error","message":"No se pudo acceder a la ruta: /api/imagenes/675006b67a41b646772b66a1.jpg en el servicio web"}
{"level":"error","message":"No se pudo acceder a la ruta: /api/imagenes/673d332b012e0bf202c04c86.jpg en el servicio web"}
{"level":"error","message":"No se pudo acceder a la ruta: /api/usuario/673ac5ffa4f9de72cf040f4e/listas/67506af60bb3e792128f4dc1 en el servicio web"}
{"level":"error","message":"No se pudo acceder a la ruta: /api/imagenes/673d0abf3aebfb2c00329ffb.jpg en el servicio web"}
{"level":"error","message":"No se pudo acceder a la ruta: /api/imagenes/673d12b3012e0bf202c04c81.jpg en el servicio web"}
{"level":"error","message":"No se pudo acceder a la ruta: /api/imagenes/673d332b012e0bf202c04c86.jpg en el servicio web"}
{"level":"error","message":"No se pudo acceder a la ruta: /api/imagenes/675006b67a41b646772b66a1.jpg en el servicio web"}
{"level":"error","message":"No se pudo acceder a la ruta: /api/imagenes/673d0abf3aebfb2c00329ffb.jpg en el servicio web"}
{"level":"error","message":"No se pudo acceder a la ruta: /api/imagenes/673d12b3012e0bf202c04c81.jpg en el servicio web"}
{"level":"error","message":"No se pudo acceder a la ruta: /api/imagenes/673d332b012e0bf202c04c86.jpg en el servicio web"}
{"level":"error","message":"No se pudo acceder a la ruta: /api/imagenes/675006b67a41b646772b66a1.jpg en el servicio web"}
{"level":"error","message":"Error al obtener la lista"}
{"level":"error","message":"Error al obtener la lista"}
{"level":"error","message":"Error al obtener la lista"}
{"level":"error","message":"Error al obtener la lista"}
{"level":"error","message":"Error al obtener la lista"}
{"level":"error","message":"Error al obtener la lista"}
{"level":"error","message":"Error al obtener la lista"}
{"level":"error","message":"Error al obtener la lista"}
{"level":"error","message":"Error al obtener la lista"}
{"level":"error","message":"No se pudo acceder a la ruta: /api/imagenes/673d0abf3aebfb2c00329ffb.jpg en el servicio web"}
{"level":"error","message":"No se pudo acceder a la ruta: /api/imagenes/673d12b3012e0bf202c04c81.jpg en el servicio web"}
{"level":"error","message":"No se pudo acceder a la ruta: /api/imagenes/673d332b012e0bf202c04c86.jpg en el servicio web"}
{"level":"error","message":"No se pudo acceder a la ruta: /api/imagenes/675006b67a41b646772b66a1.jpg en el servicio web"}
{"level":"error","message":"No se pudo acceder a la ruta: /api/imagenes/673d0abf3aebfb2c00329ffb.jpg en el servicio web"}
{"level":"error","message":"No se pudo acceder a la ruta: /api/imagenes/673d12b3012e0bf202c04c81.jpg en el servicio web"}
{"level":"error","message":"No se pudo acceder a la ruta: /api/imagenes/673d332b012e0bf202c04c86.jpg en el servicio web"}
{"level":"error","message":"No se pudo acceder a la ruta: /api/imagenes/675006b67a41b646772b66a1.jpg en el servicio web"}
{"level":"error","message":"No se pudo acceder a la ruta: /api/imagenes/673d0abf3aebfb2c00329ffb.jpg en el servicio web"}
{"level":"error","message":"No se pudo acceder a la ruta: /api/imagenes/673d12b3012e0bf202c04c81.jpg en el servicio web"}
{"level":"error","message":"No se pudo acceder a la ruta: /api/imagenes/673d332b012e0bf202c04c86.jpg en el servicio web"}
{"level":"error","message":"No se pudo acceder a la ruta: /api/imagenes/675006b67a41b646772b66a1.jpg en el servicio web"}
{"level":"error","message":"No se pudo acceder a la ruta: /api/avatares/507f191e810c19729de860ea.jpg en el servicio web"}
{"level":"error","message":"No se pudo acceder a la ruta: /api/imagenes/673d0abf3aebfb2c00329ffb.jpg en el servicio web"}
{"level":"error","message":"No se pudo acceder a la ruta: /api/imagenes/673d12b3012e0bf202c04c81.jpg en el servicio web"}
{"level":"error","message":"No se pudo acceder a la ruta: /api/imagenes/673d332b012e0bf202c04c86.jpg en el servicio web"}
{"level":"error","message":"No se pudo acceder a la ruta: /api/imagenes/675006b67a41b646772b66a1.jpg en el servicio web"}
{"level":"error","message":"No se pudo acceder a la ruta: /api/avatares/507f191e810c19729de860ea.jpg en el servicio web"}
{"level":"error","message":"No se pudo acceder a la ruta: /api/imagenes/673d0abf3aebfb2c00329ffb.jpg en el servicio web"}
{"level":"error","message":"No se pudo acceder a la ruta: /api/imagenes/673d12b3012e0bf202c04c81.jpg en el servicio web"}
{"level":"error","message":"No se pudo acceder a la ruta: /api/imagenes/673d332b012e0bf202c04c86.jpg en el servicio web"}
{"level":"error","message":"No se pudo acceder a la ruta: /api/imagenes/675006b67a41b646772b66a1.jpg en el servicio web"}
{"level":"error","message":"No se pudo acceder a la ruta: /api/imagenes/673d0abf3aebfb2c00329ffb.jpg en el servicio web"}
{"level":"error","message":"No se pudo acceder a la ruta: /api/imagenes/673d12b3012e0bf202c04c81.jpg en el servicio web"}
{"level":"error","message":"No se pudo acceder a la ruta: /api/imagenes/673d332b012e0bf202c04c86.jpg en el servicio web"}
{"level":"error","message":"No se pudo acceder a la ruta: /api/imagenes/675006b67a41b646772b66a1.jpg en el servicio web"}
{"level":"error","message":"No se pudo acceder a la ruta: /api/avatares/507f191e810c19729de860ea.jpg en el servicio web"}
{"level":"error","message":"No se pudo acceder a la ruta: /api/imagenes/673d0abf3aebfb2c00329ffb.jpg en el servicio web"}
{"level":"error","message":"No se pudo acceder a la ruta: /api/imagenes/673d12b3012e0bf202c04c81.jpg en el servicio web"}
{"level":"error","message":"No se pudo acceder a la ruta: /api/imagenes/673d332b012e0bf202c04c86.jpg en el servicio web"}
{"level":"error","message":"No se pudo acceder a la ruta: /api/imagenes/675006b67a41b646772b66a1.jpg en el servicio web"}
{"level":"error","message":"No se pudo acceder a la ruta: /api/avatares/507f191e810c19729de860ea.jpg en el servicio web"}
{"level":"error","message":"No se pudo acceder a la ruta: /api/imagenes/673d0abf3aebfb2c00329ffb.jpg en el servicio web"}
{"level":"error","message":"No se pudo acceder a la ruta: /api/imagenes/673d12b3012e0bf202c04c81.jpg en el servicio web"}
{"level":"error","message":"No se pudo acceder a la ruta: /api/imagenes/673d332b012e0bf202c04c86.jpg en el servicio web"}
{"level":"error","message":"No se pudo acceder a la ruta: /api/imagenes/675006b67a41b646772b66a1.jpg en el servicio web"}
{"level":"error","message":"No se pudo acceder a la ruta: /api/avatares/507f191e810c19729de860ea.jpg en el servicio web"}
{"level":"error","message":"No se pudo acceder a la ruta: /api/imagenes/673d0abf3aebfb2c00329ffb.jpg en el servicio web"}
{"level":"error","message":"No se pudo acceder a la ruta: /api/imagenes/673d12b3012e0bf202c04c81.jpg en el servicio web"}
{"level":"error","message":"No se pudo acceder a la ruta: /api/imagenes/673d332b012e0bf202c04c86.jpg en el servicio web"}
{"level":"error","message":"No se pudo acceder a la ruta: /api/imagenes/675006b67a41b646772b66a1.jpg en el servicio web"}
{"level":"error","message":"No se pudo acceder a la ruta: /api/avatares/507f191e810c19729de860ea.jpg en el servicio web"}
{"level":"error","message":"No se pudo acceder a la ruta: /api/imagenes/673d12b3012e0bf202c04c81.jpg en el servicio web"}
{"level":"error","message":"No se pudo acceder a la ruta: /api/imagenes/673d0abf3aebfb2c00329ffb.jpg en el servicio web"}
{"level":"error","message":"No se pudo acceder a la ruta: /api/imagenes/673d332b012e0bf202c04c86.jpg en el servicio web"}
{"level":"error","message":"No se pudo acceder a la ruta: /api/imagenes/675006b67a41b646772b66a1.jpg en el servicio web"}
{"level":"error","message":"No se pudo acceder a la ruta: /api/avatares/507f191e810c19729de860ea.jpg en el servicio web"}
{"level":"error","message":"No se pudo acceder a la ruta: /api/imagenes/673d0abf3aebfb2c00329ffb.jpg en el servicio web"}
{"level":"error","message":"No se pudo acceder a la ruta: /api/imagenes/673d12b3012e0bf202c04c81.jpg en el servicio web"}
{"level":"error","message":"No se pudo acceder a la ruta: /api/imagenes/673d332b012e0bf202c04c86.jpg en el servicio web"}
{"level":"error","message":"No se pudo acceder a la ruta: /api/imagenes/675006b67a41b646772b66a1.jpg en el servicio web"}
{"level":"error","message":"No se pudo acceder a la ruta: /api/avatares/507f191e810c19729de860ea.jpg en el servicio web"}
{"level":"error","message":"No se pudo acceder a la ruta: /api/imagenes/673d0abf3aebfb2c00329ffb.jpg en el servicio web"}
{"level":"error","message":"No se pudo acceder a la ruta: /api/imagenes/673d12b3012e0bf202c04c81.jpg en el servicio web"}
{"level":"error","message":"No se pudo acceder a la ruta: /api/imagenes/673d332b012e0bf202c04c86.jpg en el servicio web"}
{"level":"error","message":"No se pudo acceder a la ruta: /api/imagenes/675006b67a41b646772b66a1.jpg en el servicio web"}
{"level":"error","message":"No se pudo acceder a la ruta: /api/avatares/507f191e810c19729de860ea.jpg en el servicio web"}
{"level":"error","message":"No se pudo acceder a la ruta: /api/imagenes/673d0abf3aebfb2c00329ffb.jpg en el servicio web"}
{"level":"error","message":"No se pudo acceder a la ruta: /api/imagenes/673d12b3012e0bf202c04c81.jpg en el servicio web"}
{"level":"error","message":"No se pudo acceder a la ruta: /api/imagenes/673d332b012e0bf202c04c86.jpg en el servicio web"}
{"level":"error","message":"No se pudo acceder a la ruta: /api/imagenes/675006b67a41b646772b66a1.jpg en el servicio web"}
{"level":"error","message":"No se pudo acceder a la ruta: /api/avatares/507f191e810c19729de860ea.jpg en el servicio web"}
{"level":"error","message":"No se pudo acceder a la ruta: /api/imagenes/673d0abf3aebfb2c00329ffb.jpg en el servicio web"}
{"level":"error","message":"No se pudo acceder a la ruta: /api/imagenes/673d12b3012e0bf202c04c81.jpg en el servicio web"}
{"level":"error","message":"No se pudo acceder a la ruta: /api/imagenes/673d332b012e0bf202c04c86.jpg en el servicio web"}
{"level":"error","message":"No se pudo acceder a la ruta: /api/imagenes/675006b67a41b646772b66a1.jpg en el servicio web"}
{"level":"error","message":"No se pudo acceder a la ruta: /api/imagenes/673d0abf3aebfb2c00329ffb.jpg en el servicio web"}
{"level":"error","message":"No se pudo acceder a la ruta: /api/imagenes/673d12b3012e0bf202c04c81.jpg en el servicio web"}
{"level":"error","message":"No se pudo acceder a la ruta: /api/imagenes/673d332b012e0bf202c04c86.jpg en el servicio web"}
{"level":"error","message":"No se pudo acceder a la ruta: /api/imagenes/675006b67a41b646772b66a1.jpg en el servicio web"}
{"level":"error","message":"No se pudo acceder a la ruta: /api/avatares/507f191e810c19729de860ea.jpg en el servicio web"}
{"level":"error","message":"No se pudo acceder a la ruta: /api/imagenes/673d0abf3aebfb2c00329ffb.jpg en el servicio web"}
{"level":"error","message":"No se pudo acceder a la ruta: /api/imagenes/673d12b3012e0bf202c04c81.jpg en el servicio web"}
{"level":"error","message":"No se pudo acceder a la ruta: /api/imagenes/673d332b012e0bf202c04c86.jpg en el servicio web"}
{"level":"error","message":"No se pudo acceder a la ruta: /api/imagenes/675006b67a41b646772b66a1.jpg en el servicio web"}
{"level":"error","message":"No se pudo acceder a la ruta: /api/imagenes/673d0abf3aebfb2c00329ffb.jpg en el servicio web"}
{"level":"error","message":"No se pudo acceder a la ruta: /api/imagenes/673d12b3012e0bf202c04c81.jpg en el servicio web"}
{"level":"error","message":"No se pudo acceder a la ruta: /api/imagenes/673d332b012e0bf202c04c86.jpg en el servicio web"}
{"level":"error","message":"No se pudo acceder a la ruta: /api/imagenes/675006b67a41b646772b66a1.jpg en el servicio web"}
{"level":"error","message":"Error al obtener la lista"}
{"level":"error","message":"Error al obtener la lista"}
{"level":"error","message":"No se pudo acceder a la ruta: /api/imagenes/673d0abf3aebfb2c00329ffb.jpg en el servicio web"}
{"level":"error","message":"No se pudo acceder a la ruta: /api/imagenes/673d12b3012e0bf202c04c81.jpg en el servicio web"}
{"level":"error","message":"No se pudo acceder a la ruta: /api/imagenes/673d332b012e0bf202c04c86.jpg en el servicio web"}
{"level":"error","message":"No se pudo acceder a la ruta: /api/imagenes/675006b67a41b646772b66a1.jpg en el servicio web"}
{"level":"error","message":"No se pudo acceder a la ruta: /api/avatares/507f191e810c19729de860ea.jpg en el servicio web"}
{"level":"error","message":"No se pudo acceder a la ruta: /api/avatares/507f191e810c19729de860ea.jpg en el servicio web"}
{"level":"error","message":"No se pudo acceder a la ruta: /api/avatares/507f191e810c19729de860ea.jpg en el servicio web"}
{"level":"error","message":"No se pudo acceder a la ruta: /api/avatares/507f191e810c19729de860ea.jpg en el servicio web"}
{"level":"error","message":"No se pudo acceder a la ruta: /api/imagenes/673d0abf3aebfb2c00329ffb.jpg en el servicio web"}
{"level":"error","message":"No se pudo acceder a la ruta: /api/imagenes/673d12b3012e0bf202c04c81.jpg en el servicio web"}
{"level":"error","message":"No se pudo acceder a la ruta: /api/imagenes/673d332b012e0bf202c04c86.jpg en el servicio web"}
{"level":"error","message":"No se pudo acceder a la ruta: /api/imagenes/675006b67a41b646772b66a1.jpg en el servicio web"}
{"level":"error","message":"No se pudo acceder a la ruta: /api/avatares/507f191e810c19729de860ea.jpg en el servicio web"}
{"level":"error","message":"No se pudo acceder a la ruta: /api/avatares/507f191e810c19729de860ea.jpg en el servicio web"}
{"level":"error","message":"No se pudo acceder a la ruta: /api/imagenes/673d0abf3aebfb2c00329ffb.jpg en el servicio web"}
{"level":"error","message":"No se pudo acceder a la ruta: /api/imagenes/673d12b3012e0bf202c04c81.jpg en el servicio web"}
{"level":"error","message":"No se pudo acceder a la ruta: /api/imagenes/673d332b012e0bf202c04c86.jpg en el servicio web"}
{"level":"error","message":"No se pudo acceder a la ruta: /api/imagenes/675006b67a41b646772b66a1.jpg en el servicio web"}
{"level":"error","message":"No se pudo acceder a la ruta: /api/avatares/507f191e810c19729de860ea.jpg en el servicio web"}
{"level":"error","message":"No se pudo acceder a la ruta: /api/imagenes/673d0abf3aebfb2c00329ffb.jpg en el servicio web"}
{"level":"error","message":"No se pudo acceder a la ruta: /api/imagenes/673d332b012e0bf202c04c86.jpg en el servicio web"}
{"level":"error","message":"No se pudo acceder a la ruta: /api/imagenes/673d12b3012e0bf202c04c81.jpg en el servicio web"}
{"level":"error","message":"No se pudo acceder a la ruta: /api/imagenes/675006b67a41b646772b66a1.jpg en el servicio web"}
{"level":"error","message":"No se pudo acceder a la ruta: /api/avatares/507f191e810c19729de860ea.jpg en el servicio web"}
{"level":"error","message":"Error al obtener la lista"}
{"level":"error","message":"No se pudo acceder a la ruta: /api/imagenes/673d0abf3aebfb2c00329ffb.jpg en el servicio web"}
{"level":"error","message":"No se pudo acceder a la ruta: /api/imagenes/673d12b3012e0bf202c04c81.jpg en el servicio web"}
{"level":"error","message":"No se pudo acceder a la ruta: /api/imagenes/675006b67a41b646772b66a1.jpg en el servicio web"}
{"level":"error","message":"No se pudo acceder a la ruta: /api/imagenes/673d332b012e0bf202c04c86.jpg en el servicio web"}
{"level":"error","message":"Error al obtener la lista"}
{"level":"error","message":"No se pudo acceder a la ruta: /api/imagenes/673d0abf3aebfb2c00329ffb.jpg en el servicio web"}
{"level":"error","message":"No se pudo acceder a la ruta: /api/imagenes/673d12b3012e0bf202c04c81.jpg en el servicio web"}
{"level":"error","message":"No se pudo acceder a la ruta: /api/imagenes/673d332b012e0bf202c04c86.jpg en el servicio web"}
{"level":"error","message":"No se pudo acceder a la ruta: /api/imagenes/675006b67a41b646772b66a1.jpg en el servicio web"}
{"level":"error","message":"Error al obtener la lista"}
{"level":"error","message":"No se pudo acceder a la ruta: /api/imagenes/673d0abf3aebfb2c00329ffb.jpg en el servicio web"}
{"level":"error","message":"No se pudo acceder a la ruta: /api/imagenes/673d12b3012e0bf202c04c81.jpg en el servicio web"}
{"level":"error","message":"No se pudo acceder a la ruta: /api/imagenes/673d332b012e0bf202c04c86.jpg en el servicio web"}
{"level":"error","message":"No se pudo acceder a la ruta: /api/imagenes/675006b67a41b646772b66a1.jpg en el servicio web"}
{"level":"error","message":"No se pudo acceder a la ruta: /api/imagenes/673d0abf3aebfb2c00329ffb.jpg en el servicio web"}
{"level":"error","message":"No se pudo acceder a la ruta: /api/imagenes/673d12b3012e0bf202c04c81.jpg en el servicio web"}
{"level":"error","message":"No se pudo acceder a la ruta: /api/imagenes/673d332b012e0bf202c04c86.jpg en el servicio web"}
{"level":"error","message":"No se pudo acceder a la ruta: /api/imagenes/675006b67a41b646772b66a1.jpg en el servicio web"}
{"level":"error","message":"No se pudo acceder a la ruta: /api/imagenes/673d0abf3aebfb2c00329ffb.jpg en el servicio web"}
{"level":"error","message":"No se pudo acceder a la ruta: /api/imagenes/673d12b3012e0bf202c04c81.jpg en el servicio web"}
{"level":"error","message":"No se pudo acceder a la ruta: /api/imagenes/673d332b012e0bf202c04c86.jpg en el servicio web"}
{"level":"error","message":"No se pudo acceder a la ruta: /api/imagenes/675006b67a41b646772b66a1.jpg en el servicio web"}
{"level":"error","message":"No se pudo acceder a la ruta: /api/imagenes/673d0abf3aebfb2c00329ffb.jpg en el servicio web"}
{"level":"error","message":"No se pudo acceder a la ruta: /api/imagenes/673d12b3012e0bf202c04c81.jpg en el servicio web"}
{"level":"error","message":"No se pudo acceder a la ruta: /api/imagenes/673d332b012e0bf202c04c86.jpg en el servicio web"}
{"level":"error","message":"No se pudo acceder a la ruta: /api/imagenes/675006b67a41b646772b66a1.jpg en el servicio web"}
{"level":"error","message":"No se pudo acceder a la ruta: /api/avatares/507f191e810c19729de860ea.jpg en el servicio web"}
{"level":"error","message":"No se pudo acceder a la ruta: /api/avatares/507f191e810c19729de860ea.jpg en el servicio web"}
{"level":"error","message":"No se pudo acceder a la ruta: /api/avatares/507f191e810c19729de860ea.jpg en el servicio web"}
{"level":"error","message":"Error al obtener la lista"}
{"level":"error","message":"No se pudo acceder a la ruta: /api/imagenes/673d12b3012e0bf202c04c81.jpg en el servicio web"}
{"level":"error","message":"No se pudo acceder a la ruta: /api/imagenes/673d0abf3aebfb2c00329ffb.jpg en el servicio web"}
{"level":"error","message":"No se pudo acceder a la ruta: /api/imagenes/673d332b012e0bf202c04c86.jpg en el servicio web"}
{"level":"error","message":"No se pudo acceder a la ruta: /api/imagenes/675006b67a41b646772b66a1.jpg en el servicio web"}
{"level":"error","message":"Error al obtener la lista"}
{"level":"error","message":"Error al obtener la lista"}
{"level":"error","message":"No se pudo acceder a la ruta: /api/imagenes/673d0abf3aebfb2c00329ffb.jpg en el servicio web"}
{"level":"error","message":"No se pudo acceder a la ruta: /api/imagenes/673d12b3012e0bf202c04c81.jpg en el servicio web"}
{"level":"error","message":"No se pudo acceder a la ruta: /api/imagenes/673d332b012e0bf202c04c86.jpg en el servicio web"}
{"level":"error","message":"No se pudo acceder a la ruta: /api/imagenes/675006b67a41b646772b66a1.jpg en el servicio web"}
{"level":"error","message":"Error al obtener la lista"}
{"level":"error","message":"No se pudo acceder a la ruta: /api/imagenes/673d0abf3aebfb2c00329ffb.jpg en el servicio web"}
{"level":"error","message":"No se pudo acceder a la ruta: /api/imagenes/673d12b3012e0bf202c04c81.jpg en el servicio web"}
{"level":"error","message":"No se pudo acceder a la ruta: /api/imagenes/673d332b012e0bf202c04c86.jpg en el servicio web"}
{"level":"error","message":"No se pudo acceder a la ruta: /api/imagenes/675006b67a41b646772b66a1.jpg en el servicio web"}
{"level":"error","message":"No se pudo acceder a la ruta: /api/avatares/507f191e810c19729de860ea.jpg en el servicio web"}
{"level":"error","message":"No se pudo acceder a la ruta: /api/imagenes/673d0abf3aebfb2c00329ffb.jpg en el servicio web"}
{"level":"error","message":"No se pudo acceder a la ruta: /api/imagenes/673d12b3012e0bf202c04c81.jpg en el servicio web"}
{"level":"error","message":"No se pudo acceder a la ruta: /api/imagenes/673d332b012e0bf202c04c86.jpg en el servicio web"}
{"level":"error","message":"No se pudo acceder a la ruta: /api/imagenes/675006b67a41b646772b66a1.jpg en el servicio web"}
{"level":"error","message":"No se pudo acceder a la ruta: /api/avatares/507f191e810c19729de860ea.jpg en el servicio web"}
{"level":"error","message":"Error al obtener la lista"}
{"level":"error","message":"Error al obtener la lista"}
{"level":"error","message":"Error al obtener la lista"}
{"level":"error","message":"Error al obtener la lista"}
{"level":"error","message":"No se pudo acceder a la ruta: /api/imagenes/673d0abf3aebfb2c00329ffb.jpg en el servicio web"}
{"level":"error","message":"No se pudo acceder a la ruta: /api/imagenes/673d12b3012e0bf202c04c81.jpg en el servicio web"}
{"level":"error","message":"No se pudo acceder a la ruta: /api/imagenes/673d332b012e0bf202c04c86.jpg en el servicio web"}
{"level":"error","message":"No se pudo acceder a la ruta: /api/imagenes/675006b67a41b646772b66a1.jpg en el servicio web"}
{"level":"error","message":"Error al obtener la lista"}
{"level":"error","message":"No se pudo acceder a la ruta: /api/imagenes/673d0abf3aebfb2c00329ffb.jpg en el servicio web"}
{"level":"error","message":"No se pudo acceder a la ruta: /api/imagenes/673d12b3012e0bf202c04c81.jpg en el servicio web"}
{"level":"error","message":"No se pudo acceder a la ruta: /api/imagenes/673d332b012e0bf202c04c86.jpg en el servicio web"}
{"level":"error","message":"No se pudo acceder a la ruta: /api/imagenes/675006b67a41b646772b66a1.jpg en el servicio web"}
{"level":"error","message":"No se pudo acceder a la ruta: /api/imagenes/673d0abf3aebfb2c00329ffb.jpg en el servicio web"}
{"level":"error","message":"No se pudo acceder a la ruta: /api/imagenes/673d12b3012e0bf202c04c81.jpg en el servicio web"}
{"level":"error","message":"No se pudo acceder a la ruta: /api/imagenes/673d332b012e0bf202c04c86.jpg en el servicio web"}
{"level":"error","message":"No se pudo acceder a la ruta: /api/imagenes/675006b67a41b646772b66a1.jpg en el servicio web"}
{"level":"error","message":"No se pudo acceder a la ruta: /api/avatares/507f191e810c19729de860ea.jpg en el servicio web"}
{"level":"error","message":"No se pudo acceder a la ruta: /api/imagenes/673d0abf3aebfb2c00329ffb.jpg en el servicio web"}
{"level":"error","message":"No se pudo acceder a la ruta: /api/imagenes/673d0abf3aebfb2c00329ffb.jpg en el servicio web"}
{"level":"error","message":"No se pudo acceder a la ruta: /api/imagenes/673d12b3012e0bf202c04c81.jpg en el servicio web"}
{"level":"error","message":"No se pudo acceder a la ruta: /api/imagenes/673d332b012e0bf202c04c86.jpg en el servicio web"}
{"level":"error","message":"No se pudo acceder a la ruta: /api/imagenes/675006b67a41b646772b66a1.jpg en el servicio web"}
{"level":"error","message":"Post  no encontrada"}
{"level":"error","message":"No se pudo acceder a la ruta: /api/imagenes/673d0abf3aebfb2c00329ffb.jpg en el servicio web"}
{"level":"error","message":"No se pudo acceder a la ruta: /api/imagenes/673d12b3012e0bf202c04c81.jpg en el servicio web"}
{"level":"error","message":"No se pudo acceder a la ruta: /api/imagenes/673d332b012e0bf202c04c86.jpg en el servicio web"}
{"level":"error","message":"No se pudo acceder a la ruta: /api/imagenes/675006b67a41b646772b66a1.jpg en el servicio web"}
{"level":"error","message":"Post  no encontrada"}
{"level":"error","message":"No se pudo acceder a la ruta: /api/imagenes/673d0abf3aebfb2c00329ffb.jpg en el servicio web"}
{"level":"error","message":"No se pudo acceder a la ruta: /api/imagenes/673d12b3012e0bf202c04c81.jpg en el servicio web"}
{"level":"error","message":"No se pudo acceder a la ruta: /api/imagenes/673d332b012e0bf202c04c86.jpg en el servicio web"}
{"level":"error","message":"No se pudo acceder a la ruta: /api/imagenes/675006b67a41b646772b66a1.jpg en el servicio web"}
{"level":"error","message":"No se pudo acceder a la ruta: /api/avatares/507f191e810c19729de860ea.jpg en el servicio web"}
{"level":"error","message":"No se pudo acceder a la ruta: /api/imagenes/673d0abf3aebfb2c00329ffb.jpg en el servicio web"}
{"level":"error","message":"No se pudo acceder a la ruta: /api/imagenes/673d0abf3aebfb2c00329ffb.jpg en el servicio web"}
{"level":"error","message":"No se pudo acceder a la ruta: /api/imagenes/673d12b3012e0bf202c04c81.jpg en el servicio web"}
{"level":"error","message":"No se pudo acceder a la ruta: /api/imagenes/673d332b012e0bf202c04c86.jpg en el servicio web"}
{"level":"error","message":"No se pudo acceder a la ruta: /api/imagenes/675006b67a41b646772b66a1.jpg en el servicio web"}
{"level":"error","message":"No se pudo acceder a la ruta: /api/avatares/507f191e810c19729de860ea.jpg en el servicio web"}
{"level":"error","message":"No se pudo acceder a la ruta: /api/imagenes/673d0abf3aebfb2c00329ffb.jpg en el servicio web"}
{"level":"error","message":"No se pudo acceder a la ruta: /api/imagenes/673d0abf3aebfb2c00329ffb.jpg en el servicio web"}
{"level":"error","message":"No se pudo acceder a la ruta: /api/imagenes/673d12b3012e0bf202c04c81.jpg en el servicio web"}
{"level":"error","message":"No se pudo acceder a la ruta: /api/imagenes/673d332b012e0bf202c04c86.jpg en el servicio web"}
{"level":"error","message":"No se pudo acceder a la ruta: /api/imagenes/675006b67a41b646772b66a1.jpg en el servicio web"}
{"level":"error","message":"No se pudo acceder a la ruta: /api/avatares/507f191e810c19729de860ea.jpg en el servicio web"}
{"level":"error","message":"No se pudo acceder a la ruta: /api/imagenes/675006b67a41b646772b66a1.jpg en el servicio web"}
{"level":"error","message":"No se pudo acceder a la ruta: /api/imagenes/673d0abf3aebfb2c00329ffb.jpg en el servicio web"}
{"level":"error","message":"No se pudo acceder a la ruta: /api/imagenes/673d12b3012e0bf202c04c81.jpg en el servicio web"}
{"level":"error","message":"No se pudo acceder a la ruta: /api/imagenes/673d332b012e0bf202c04c86.jpg en el servicio web"}
{"level":"error","message":"No se pudo acceder a la ruta: /api/imagenes/675006b67a41b646772b66a1.jpg en el servicio web"}
{"level":"error","message":"No se pudo acceder a la ruta: /api/avatares/507f191e810c19729de860ea.jpg en el servicio web"}
{"level":"error","message":"No se pudo acceder a la ruta: /api/imagenes/673d0abf3aebfb2c00329ffb.jpg en el servicio web"}
{"level":"error","message":"No se pudo acceder a la ruta: /api/imagenes/673d0abf3aebfb2c00329ffb.jpg en el servicio web"}
{"level":"error","message":"No se pudo acceder a la ruta: /api/imagenes/673d12b3012e0bf202c04c81.jpg en el servicio web"}
{"level":"error","message":"No se pudo acceder a la ruta: /api/imagenes/673d332b012e0bf202c04c86.jpg en el servicio web"}
{"level":"error","message":"No se pudo acceder a la ruta: /api/imagenes/675006b67a41b646772b66a1.jpg en el servicio web"}
{"level":"error","message":"Post  no encontrada"}
{"level":"error","message":"No se pudo acceder a la ruta: /api/imagenes/673d0abf3aebfb2c00329ffb.jpg en el servicio web"}
{"level":"error","message":"No se pudo acceder a la ruta: /api/imagenes/673d12b3012e0bf202c04c81.jpg en el servicio web"}
{"level":"error","message":"No se pudo acceder a la ruta: /api/imagenes/673d332b012e0bf202c04c86.jpg en el servicio web"}
{"level":"error","message":"No se pudo acceder a la ruta: /api/imagenes/675006b67a41b646772b66a1.jpg en el servicio web"}
{"level":"error","message":"Error al obtener el post "}
{"level":"error","message":"Error al obtener el post "}
{"level":"error","message":"No se pudo acceder a la ruta: /api/imagenes/673d0abf3aebfb2c00329ffb.jpg en el servicio web"}
{"level":"error","message":"No se pudo acceder a la ruta: /api/imagenes/673d12b3012e0bf202c04c81.jpg en el servicio web"}
{"level":"error","message":"No se pudo acceder a la ruta: /api/imagenes/673d332b012e0bf202c04c86.jpg en el servicio web"}
{"level":"error","message":"No se pudo acceder a la ruta: /api/imagenes/675006b67a41b646772b66a1.jpg en el servicio web"}
{"level":"error","message":"No se pudo acceder a la ruta: /api/avatares/507f191e810c19729de860ea.jpg en el servicio web"}
{"level":"error","message":"No se pudo acceder a la ruta: /api/imagenes/673d0abf3aebfb2c00329ffb.jpg en el servicio web"}
{"level":"error","message":"No se pudo acceder a la ruta: /api/imagenes/673d12b3012e0bf202c04c81.jpg en el servicio web"}
{"level":"error","message":"No se pudo acceder a la ruta: /api/imagenes/673d332b012e0bf202c04c86.jpg en el servicio web"}
{"level":"error","message":"No se pudo acceder a la ruta: /api/imagenes/675006b67a41b646772b66a1.jpg en el servicio web"}
{"level":"error","message":"No se pudo acceder a la ruta: /api/avatares/507f191e810c19729de860ea.jpg en el servicio web"}
{"level":"error","message":"No se pudo acceder a la ruta: /api/imagenes/673d12b3012e0bf202c04c81.jpg en el servicio web"}
{"level":"error","message":"No se pudo acceder a la ruta: /api/imagenes/673d0abf3aebfb2c00329ffb.jpg en el servicio web"}
{"level":"error","message":"No se pudo acceder a la ruta: /api/imagenes/673d332b012e0bf202c04c86.jpg en el servicio web"}
{"level":"error","message":"No se pudo acceder a la ruta: /api/imagenes/675006b67a41b646772b66a1.jpg en el servicio web"}
{"level":"error","message":"No se pudo acceder a la ruta: /api/avatares/507f191e810c19729de860ea.jpg en el servicio web"}
{"level":"error","message":"No se pudo acceder a la ruta: /api/imagenes/673d0abf3aebfb2c00329ffb.jpg en el servicio web"}
{"level":"error","message":"No se pudo acceder a la ruta: /api/imagenes/673d12b3012e0bf202c04c81.jpg en el servicio web"}
{"level":"error","message":"No se pudo acceder a la ruta: /api/imagenes/673d332b012e0bf202c04c86.jpg en el servicio web"}
{"level":"error","message":"No se pudo acceder a la ruta: /api/imagenes/675006b67a41b646772b66a1.jpg en el servicio web"}
{"level":"error","message":"Error al obtener la lista"}
{"level":"error","message":"No se pudo acceder a la ruta: /api/imagenes/673d0abf3aebfb2c00329ffb.jpg en el servicio web"}
{"level":"error","message":"No se pudo acceder a la ruta: /api/imagenes/673d12b3012e0bf202c04c81.jpg en el servicio web"}
{"level":"error","message":"No se pudo acceder a la ruta: /api/imagenes/673d332b012e0bf202c04c86.jpg en el servicio web"}
{"level":"error","message":"No se pudo acceder a la ruta: /api/imagenes/675006b67a41b646772b66a1.jpg en el servicio web"}
{"level":"error","message":"Error al obtener la lista"}
{"level":"error","message":"Error al obtener la lista"}
{"level":"error","message":"No se pudo acceder a la ruta: /api/imagenes/673d0abf3aebfb2c00329ffb.jpg en el servicio web"}
{"level":"error","message":"No se pudo acceder a la ruta: /api/imagenes/673d12b3012e0bf202c04c81.jpg en el servicio web"}
{"level":"error","message":"No se pudo acceder a la ruta: /api/imagenes/673d332b012e0bf202c04c86.jpg en el servicio web"}
{"level":"error","message":"No se pudo acceder a la ruta: /api/imagenes/675006b67a41b646772b66a1.jpg en el servicio web"}
{"level":"error","message":"Error al obtener la lista"}
{"level":"error","message":"Error al obtener la lista"}
{"level":"error","message":"Error al obtener la lista"}
{"level":"error","message":"Error al obtener la lista"}
{"level":"error","message":"No se pudo acceder a la ruta: /api/avatares/507f191e810c19729de860ea.jpg en el servicio web"}
{"level":"error","message":"No se pudo acceder a la ruta: /api/avatares/507f191e810c19729de860ea.jpg en el servicio web"}
{"level":"error","message":"No se pudo acceder a la ruta: /api/avatares/507f191e810c19729de860ea.jpg en el servicio web"}
{"level":"error","message":"No se pudo acceder a la ruta: /api/avatares/507f191e810c19729de860ea.jpg en el servicio web"}
{"level":"error","message":"No se pudo acceder a la ruta: /api/imagenes/675008bbda199ec30c8d5dc3.jpg en el servicio web"}
{"level":"error","message":"No se pudo acceder a la ruta: /api/imagenes/673d0cd2055003b391d0b644.jpg en el servicio web"}
{"level":"error","message":"No se pudo acceder a la ruta: /api/avatares/507f191e810c19729de860ea.jpg en el servicio web"}
{"level":"error","message":"No se pudo acceder a la ruta: /api/avatares/507f191e810c19729de860ea.jpg en el servicio web"}
{"level":"error","message":"No se pudo acceder a la ruta: /api/imagenes/673d0abf3aebfb2c00329ffb.jpg en el servicio web"}
{"level":"error","message":"No se pudo acceder a la ruta: /api/imagenes/675006b67a41b646772b66a1.jpg en el servicio web"}
{"level":"error","message":"No se pudo acceder a la ruta: /api/avatares/507f191e810c19729de860ea.jpg en el servicio web"}
{"level":"error","message":"No se pudo acceder a la ruta: /api/avatares/507f191e810c19729de860ea.jpg en el servicio web"}
{"level":"error","message":"No se pudo acceder a la ruta: /api/avatares/507f191e810c19729de860ea.jpg en el servicio web"}
{"level":"error","message":"No se pudo acceder a la ruta: /api/imagenes/673d0abf3aebfb2c00329ffb.jpg en el servicio web"}
{"level":"error","message":"No se pudo acceder a la ruta: /api/imagenes/675006b67a41b646772b66a1.jpg en el servicio web"}
{"level":"error","message":"No se pudo acceder a la ruta: /api/avatares/507f191e810c19729de860ea.jpg en el servicio web"}
{"level":"error","message":"No se pudo acceder a la ruta: /api/avatares/507f191e810c19729de860ea.jpg en el servicio web"}
{"level":"error","message":"No se pudo acceder a la ruta: /api/imagenes/673d0abf3aebfb2c00329ffb.jpg en el servicio web"}
{"level":"error","message":"No se pudo acceder a la ruta: /api/imagenes/675006b67a41b646772b66a1.jpg en el servicio web"}
{"level":"error","message":"No se pudo acceder a la ruta: /api/avatares/507f191e810c19729de860ea.jpg en el servicio web"}
{"level":"error","message":"Usuario avatar no encontrado"}
{"level":"error","message":"No se pudo acceder a la ruta: /api/avatares/507f191e810c19729de860ea.jpg en el servicio web"}
{"level":"error","message":"No se pudo acceder a la ruta: /api/avatares/507f191e810c19729de860ea.jpg en el servicio web"}
{"level":"error","message":"No se pudo acceder a la ruta: /api/avatares/507f191e810c19729de860ea.jpg en el servicio web"}
{"level":"error","message":"No se pudo acceder a la ruta: /api/avatares/507f191e810c19729de860ea.jpg en el servicio web"}
{"level":"error","message":"No se pudo acceder a la ruta: /api/imagenes/673d0abf3aebfb2c00329ffb.jpg en el servicio web"}
{"level":"error","message":"No se pudo acceder a la ruta: /api/imagenes/675006b67a41b646772b66a1.jpg en el servicio web"}
{"level":"error","message":"No se pudo acceder a la ruta: /api/avatares/507f191e810c19729de860ea.jpg en el servicio web"}
{"level":"error","message":"No se pudo acceder a la ruta: /api/avatares/507f191e810c19729de860ea.jpg en el servicio web"}
{"level":"error","message":"No se pudo acceder a la ruta: /api/imagenes/673d0abf3aebfb2c00329ffb.jpg en el servicio web"}
{"level":"error","message":"No se pudo acceder a la ruta: /api/imagenes/675006b67a41b646772b66a1.jpg en el servicio web"}
{"level":"error","message":"No se pudo acceder a la ruta: /api/imagenes/673d0abf3aebfb2c00329ffb.jpg en el servicio web"}
{"level":"error","message":"No se pudo acceder a la ruta: /api/imagenes/675006b67a41b646772b66a1.jpg en el servicio web"}
{"level":"error","message":"No se pudo acceder a la ruta: /api/avatares/507f191e810c19729de860ea.jpg en el servicio web"}
{"level":"error","message":"No se pudo acceder a la ruta: /api/avatares/507f191e810c19729de860ea.jpg en el servicio web"}
{"level":"error","message":"No se pudo acceder a la ruta: /api/imagenes/673d0abf3aebfb2c00329ffb.jpg en el servicio web"}
{"level":"error","message":"No se pudo acceder a la ruta: /api/imagenes/675006b67a41b646772b66a1.jpg en el servicio web"}
{"level":"error","message":"No se pudo acceder a la ruta: /api/avatares/507f191e810c19729de860ea.jpg en el servicio web"}
{"level":"error","message":"No se pudo acceder a la ruta: /api/avatares/507f191e810c19729de860ea.jpg en el servicio web"}
{"level":"error","message":"No se pudo acceder a la ruta: /api/imagenes/673d0abf3aebfb2c00329ffb.jpg en el servicio web"}
{"level":"error","message":"No se pudo acceder a la ruta: /api/imagenes/675006b67a41b646772b66a1.jpg en el servicio web"}
{"level":"error","message":"No se pudo acceder a la ruta: /api/imagenes/673d0abf3aebfb2c00329ffb.jpg en el servicio web"}
{"level":"error","message":"No se pudo acceder a la ruta: /api/imagenes/675006b67a41b646772b66a1.jpg en el servicio web"}
{"level":"error","message":"No se pudo acceder a la ruta: /api/avatares/507f191e810c19729de860ea.jpg en el servicio web"}
{"level":"error","message":"No se pudo acceder a la ruta: /api/imagenes/673d0abf3aebfb2c00329ffb.jpg en el servicio web"}
{"level":"error","message":"No se pudo acceder a la ruta: /api/imagenes/675006b67a41b646772b66a1.jpg en el servicio web"}
{"level":"error","message":"request entity too large"}
{"level":"error","message":"request entity too large"}
{"level":"error","message":"Usuario validation failed: avatar: Cast to ObjectId failed for value \"{\n  status: 413,\n  message: 'request entity too large',\n  error: {\n    message: 'request entity too large',\n    expected: 852613,\n    length: 852613,\n    limit: 102400,\n    type: 'entity.too.large',\n    statusCode: 413,\n    status: 413\n  }\n}\" (type Object) at path \"avatar\" because of \"BSONError\""}
{"level":"error","message":"No se pudo acceder a la ruta: /api/imagenes/675006b67a41b646772b66a1.jpg en el servicio web"}
{"level":"error","message":"No se pudo acceder a la ruta: /api/imagenes/673d0abf3aebfb2c00329ffb.jpg en el servicio web"}
{"level":"error","message":"No se pudo acceder a la ruta: /api/avatares/507f191e810c19729de860ea.jpg en el servicio web"}
{"level":"error","message":"No se pudo acceder a la ruta: /api/imagenes/673d0abf3aebfb2c00329ffb.jpg en el servicio web"}
{"level":"error","message":"No se pudo acceder a la ruta: /api/imagenes/675006b67a41b646772b66a1.jpg en el servicio web"}
{"level":"error","message":"No se pudo acceder a la ruta: /api/avatares/507f191e810c19729de860ea.jpg en el servicio web"}
{"level":"error","message":"No se pudo acceder a la ruta: /api/imagenes/673d0abf3aebfb2c00329ffb.jpg en el servicio web"}
{"level":"error","message":"No se pudo acceder a la ruta: /api/imagenes/675006b67a41b646772b66a1.jpg en el servicio web"}
{"level":"error","message":"No se encontraron posts para este usuario"}
{"level":"error","message":"No se encontraron posts para este usuario"}
{"level":"error","message":"No se pudo acceder a la ruta: /api/imagenes/673d0abf3aebfb2c00329ffb.jpg en el servicio web"}
{"level":"error","message":"No se pudo acceder a la ruta: /api/imagenes/675006b67a41b646772b66a1.jpg en el servicio web"}
{"level":"error","message":"No se pudo acceder a la ruta: /api/avatares/507f191e810c19729de860ea.jpg en el servicio web"}
{"level":"error","message":"No se pudo acceder a la ruta: /api/imagenes/673d0abf3aebfb2c00329ffb.jpg en el servicio web"}
{"level":"error","message":"No se pudo acceder a la ruta: /api/imagenes/675006b67a41b646772b66a1.jpg en el servicio web"}
{"level":"error","message":"No se encontraron posts para este usuario"}
{"level":"error","message":"No se encontraron posts para este usuario"}
{"level":"error","message":"No se encontraron posts para este usuario"}
{"level":"error","message":"No se encontraron posts para este usuario"}
{"level":"error","message":"No se encontraron posts para este usuario"}
{"level":"error","message":"No se encontraron posts para este usuario"}
{"level":"error","message":"No se pudo acceder a la ruta: /api/imagenes/673d0abf3aebfb2c00329ffb.jpg en el servicio web"}
{"level":"error","message":"No se pudo acceder a la ruta: /api/imagenes/675006b67a41b646772b66a1.jpg en el servicio web"}
{"level":"error","message":"No se pudo acceder a la ruta: /api/imagenes/673d0abf3aebfb2c00329ffb.jpg en el servicio web"}
{"level":"error","message":"No se pudo acceder a la ruta: /api/imagenes/675006b67a41b646772b66a1.jpg en el servicio web"}
{"level":"error","message":"No se pudo acceder a la ruta: /api/imagenes/673d0abf3aebfb2c00329ffb.jpg en el servicio web"}
{"level":"error","message":"No se pudo acceder a la ruta: /api/imagenes/675006b67a41b646772b66a1.jpg en el servicio web"}
{"level":"error","message":"No se pudo acceder a la ruta: /api/imagenes/673d0abf3aebfb2c00329ffb.jpg en el servicio web"}
{"level":"error","message":"No se pudo acceder a la ruta: /api/imagenes/675006b67a41b646772b66a1.jpg en el servicio web"}
{"level":"error","message":"No se pudo acceder a la ruta: /api/avatares/507f191e810c19729de860ea.jpg en el servicio web"}
{"level":"error","message":"No se pudo acceder a la ruta: /api/imagenes/673d0abf3aebfb2c00329ffb.jpg en el servicio web"}
{"level":"error","message":"No se pudo acceder a la ruta: /api/imagenes/675006b67a41b646772b66a1.jpg en el servicio web"}
{"level":"error","message":"No se pudo acceder a la ruta: /api/imagenes/673d0abf3aebfb2c00329ffb.jpg en el servicio web"}
{"level":"error","message":"No se pudo acceder a la ruta: /api/imagenes/675006b67a41b646772b66a1.jpg en el servicio web"}
{"level":"error","message":"No se pudo acceder a la ruta: /api/imagenes/673d0abf3aebfb2c00329ffb.jpg en el servicio web"}
{"level":"error","message":"No se pudo acceder a la ruta: /api/imagenes/675006b67a41b646772b66a1.jpg en el servicio web"}
{"level":"error","message":"No se pudo acceder a la ruta: /api/imagenes/673d0abf3aebfb2c00329ffb.jpg en el servicio web"}
{"level":"error","message":"No se pudo acceder a la ruta: /api/imagenes/675006b67a41b646772b66a1.jpg en el servicio web"}
{"level":"error","message":"No se pudo acceder a la ruta: /api/avatares/507f191e810c19729de860ea.jpg en el servicio web"}
{"level":"error","message":"No se pudo acceder a la ruta: /api/imagenes/675006b67a41b646772b66a1.jpg en el servicio web"}
{"level":"error","message":"No se pudo acceder a la ruta: /api/imagenes/673d0abf3aebfb2c00329ffb.jpg en el servicio web"}
{"level":"error","message":"No se pudo acceder a la ruta: /api/avatares/507f191e810c19729de860ea.jpg en el servicio web"}
{"level":"error","message":"No se pudo acceder a la ruta: /api/imagenes/673d0abf3aebfb2c00329ffb.jpg en el servicio web"}
{"level":"error","message":"No se pudo acceder a la ruta: /api/imagenes/675006b67a41b646772b66a1.jpg en el servicio web"}
